<?xml version="1.0" encoding="UTF-8"?>
<!-- Generated by org.testng.reporters.JUnitReportReporter -->
<testsuite hostname="LAPTOP-3M9159SC" failures="0" tests="3" name="Testng.Expriority" time="0.015" errors="0" timestamp="2024-04-04T11:10:38 IST" skipped="0">
  <testcase classname="Testng.Expriority" name="addEmployee" time="0.010"/>
  <testcase classname="Testng.Expriority" name="EditEmployee" time="0.004"/>
  <testcase classname="Testng.Expriority" name="DeleteEmployee" time="0.001"/>
</testsuite> <!-- Testng.Expriority -->
