<?xml version="1.0" encoding="UTF-8"?>
<!-- Generated by org.testng.reporters.JUnitReportReporter -->
<testsuite hostname="LAPTOP-3M9159SC" failures="0" tests="1" name="Testng.OrangeTravels" time="3.674" errors="0" timestamp="2024-04-04T11:10:38 IST" skipped="0">
  <testcase classname="Testng.OrangeTravels" name="Travels" time="3.674"/>
</testsuite> <!-- Testng.OrangeTravels -->
