<?xml version="1.0" encoding="UTF-8"?>
<!-- Generated by org.testng.reporters.JUnitReportReporter -->
<testsuite hostname="LAPTOP-3M9159SC" failures="0" tests="5" name="Testng.ExGrouping" time="0.012" errors="0" timestamp="2024-04-04T11:10:38 IST" skipped="0">
  <testcase classname="Testng.ExGrouping" name="DeleteEmployee" time="0.009"/>
  <testcase classname="Testng.ExGrouping" name="addEmployee" time="0.001"/>
  <testcase classname="Testng.ExGrouping" name="addJobTitle" time="0.001"/>
  <testcase classname="Testng.ExGrouping" name="EditEmployee" time="0.000"/>
  <testcase classname="Testng.ExGrouping" name="addadmin" time="0.001"/>
</testsuite> <!-- Testng.ExGrouping -->
